Validating mesh...
MESH ERROR: Mesh is not closed!

Decomposing Mesh...
-----------------------
Creating options tree from mesh...
Finding best decomposition configuration...
Exploration Results:
Printer Array States Found: 0
Best (1.79769e+308):
Validating mesh...
MESH ERROR: Mesh is not closed!

Decomposing Mesh...
-----------------------
Creating options tree from mesh...
Finding best decomposition configuration...
Exploration Results:
Printer Array States Found: 0
Best (1.79769e+308):
Validating mesh...
MESH ERROR: Mesh is not closed!

Decomposing Mesh...
-----------------------
Creating options tree from mesh...
Finding best decomposition configuration...
Exploration Results:
Printer Array States Found: 0
Best (1.79769e+308):
Validating mesh...
MESH ERROR: Mesh is not closed!

Decomposing Mesh...
-----------------------
Creating options tree from mesh...
Finding best decomposition configuration...
Exploration Results:
Printer Array States Found: 0
Best (1.79769e+308):
Validating mesh...
MESH ERROR: Mesh is not closed!

Decomposing Mesh...
-----------------------
Creating options tree from mesh...
Finding best decomposition configuration...
Exploration Results:
Printer Array States Found: 0
Best (1.79769e+308):
Validating mesh...
MESH ERROR: Mesh is not closed!

Decomposing Mesh...
-----------------------
Creating options tree from mesh...
Finding best decomposition configuration...
Exploration Results:
Printer Array States Found: 0
Best (1.79769e+308):
