Validating mesh...
Mesh is valid.

Decomposing Mesh...
-----------------------
Creating options tree from mesh...
Finding best decomposition configuration...
Exploration Results:
Printer Array States Found: 5
Best (23008.6):
(0x56494a55cfb0: 22300.1)
(0x56494a52ec60: 23008.6)
Subdivision Tree:
Base Mesh [-1]: (Area: 21396.5, Volume: 45308.7)
    Sub Mesh [-1]: (Area: 11462.5, Volume: 22300.1)
    Sub Mesh [-1]: (Area: 11567.9, Volume: 23008.6)
Subdividing result...
Assigning IDs...
Subdivision Tree:
Base Mesh [3]: (Area: 21396.5, Volume: 45308.7)
    Sub Mesh [1]: (Area: 11462.5, Volume: 22300.1)
    Sub Mesh [2]: (Area: 11567.9, Volume: 23008.6)
Exporting nodes as mesh files, plus assembly instructions.
Computational Duration: 2354.02 ms.
Validating mesh...
Mesh is valid.

Decomposing Mesh...
-----------------------
Creating options tree from mesh...
Finding best decomposition configuration...
Exploration Results:
Printer Array States Found: 13
Best (15959.1):
(0x7f5ad0017bf0: 13427.4)
(0x7f5ad0014c50: 15959.1)
(0x7f5ad0041670: 15922.1)
Subdivision Tree:
Base Mesh [-1]: (Area: 21396.5, Volume: 45308.7)
    Sub Mesh [-1]: (Area: 14557.8, Volume: 29349.5)
        Sub Mesh [-1]: (Area: 6917.4, Volume: 13427.4)
        Sub Mesh [-1]: (Area: 8506.05, Volume: 15922.1)
    Sub Mesh [-1]: (Area: 8650.15, Volume: 15959.1)
Subdividing result...
Assigning IDs...
Subdivision Tree:
Base Mesh [4]: (Area: 21396.5, Volume: 45308.7)
    Sub Mesh [5]: (Area: 14557.8, Volume: 29349.5)
        Sub Mesh [1]: (Area: 6917.4, Volume: 13427.4)
        Sub Mesh [3]: (Area: 8506.05, Volume: 15922.1)
    Sub Mesh [2]: (Area: 8650.15, Volume: 15959.1)
Exporting nodes as mesh files, plus assembly instructions.
Computational Duration: 5935.39 ms.
Validating mesh...
Mesh is valid.

Decomposing Mesh...
-----------------------
Creating options tree from mesh...
Finding best decomposition configuration...
Exploration Results:
Printer Array States Found: 20
Best (12346.8):
(0x55ffd9b49290: 12346.8)
(0x55ffd9bad710: 11751.6)
(0x55ffd9bb6020: 10144.6)
(0x55ffd9b49430: 11065.6)
Subdivision Tree:
Base Mesh [-1]: (Area: 21396.5, Volume: 45308.7)
    Sub Mesh [-1]: (Area: 11421.5, Volume: 22491.4)
        Sub Mesh [-1]: (Area: 6893.52, Volume: 12346.8)
        Sub Mesh [-1]: (Area: 5703.33, Volume: 10144.6)
    Sub Mesh [-1]: (Area: 11535, Volume: 22817.2)
        Sub Mesh [-1]: (Area: 6736.24, Volume: 11751.6)
        Sub Mesh [-1]: (Area: 6090.27, Volume: 11065.6)
Subdividing result...
Assigning IDs...
Subdivision Tree:
Base Mesh [7]: (Area: 21396.5, Volume: 45308.7)
    Sub Mesh [5]: (Area: 11421.5, Volume: 22491.4)
        Sub Mesh [1]: (Area: 6893.52, Volume: 12346.8)
        Sub Mesh [3]: (Area: 5703.33, Volume: 10144.6)
    Sub Mesh [6]: (Area: 11535, Volume: 22817.2)
        Sub Mesh [2]: (Area: 6736.24, Volume: 11751.6)
        Sub Mesh [4]: (Area: 6090.27, Volume: 11065.6)
Exporting nodes as mesh files, plus assembly instructions.
Computational Duration: 6935.65 ms.
Validating mesh...
Mesh is valid.

Decomposing Mesh...
-----------------------
Creating options tree from mesh...
Finding best decomposition configuration...
Exploration Results:
Printer Array States Found: 532
Best (7997.5):
(0x55be94938400: 7453.47)
(0x55be948e89f0: 5141.99)
(0x55be94984df0: 6784.44)
(0x55be9495f460: 7997.5)
(0x55be94941800: 7851.6)
(0x55be948eae20: 6205.27)
(0x55be94d25a40: 3874.4)
[Empty]
Subdivision Tree:
Base Mesh [-1]: (Area: 21396.5, Volume: 45308.7)
    Sub Mesh [-1]: (Area: 11323, Volume: 22235.4)
        Sub Mesh [-1]: (Area: 8706, Volume: 15451)
            Sub Mesh [-1]: (Area: 4638.98, Volume: 7453.47)
            Sub Mesh [-1]: (Area: 5451.16, Volume: 7997.5)
        Sub Mesh [-1]: (Area: 3999.17, Volume: 6784.44)
    Sub Mesh [-1]: (Area: 11634.2, Volume: 23073.3)
        Sub Mesh [-1]: (Area: 6647.66, Volume: 11347.3)
            Sub Mesh [-1]: (Area: 3076.53, Volume: 5141.99)
            Sub Mesh [-1]: (Area: 4343.31, Volume: 6205.27)
        Sub Mesh [-1]: (Area: 6287.43, Volume: 11726)
            Sub Mesh [-1]: (Area: 5210.18, Volume: 7851.6)
            Sub Mesh [-1]: (Area: 2558.07, Volume: 3874.4)
Subdividing result...
Node 1: Mesh below minimum constraint.
Node 2: Mesh below minimum constraint.
Node 1: Mesh below minimum constraint.
Node 2: Mesh below minimum constraint.
Node 1: Mesh below minimum constraint.
Node 1: Mesh below minimum constraint.
Node 1: Mesh below minimum constraint.
Assigning IDs...
Subdivision Tree:
Base Mesh [13]: (Area: 21396.5, Volume: 45308.7)
    Sub Mesh [9]: (Area: 11323, Volume: 22235.4)
        Sub Mesh [10]: (Area: 8706, Volume: 15451)
            Sub Mesh [1]: (Area: 4638.98, Volume: 7453.47)
            Sub Mesh [4]: (Area: 5451.16, Volume: 7997.5)
        Sub Mesh [3]: (Area: 3999.17, Volume: 6784.44)
    Sub Mesh [12]: (Area: 11634.2, Volume: 23073.3)
        Sub Mesh [8]: (Area: 6647.66, Volume: 11347.3)
            Sub Mesh [2]: (Area: 3076.53, Volume: 5141.99)
            Sub Mesh [6]: (Area: 4343.31, Volume: 6205.27)
        Sub Mesh [11]: (Area: 6287.43, Volume: 11726)
            Sub Mesh [5]: (Area: 5210.18, Volume: 7851.6)
            Sub Mesh [7]: (Area: 2558.07, Volume: 3874.4)
Exporting nodes as mesh files, plus assembly instructions.
Computational Duration: 6885.67 ms.
Validating mesh...
Mesh is valid.

Decomposing Mesh...
-----------------------
Creating options tree from mesh...
Finding best decomposition configuration...
Exploration Results:
Printer Array States Found: 2474
Best (8440.94):
(0x7fa23c0c0ae0: 8328.75)
(0x7fa23c00ec60: 5457.21)
(0x7fa23c005ec0: 7187.3)
(0x7fa23c061410: 8440.94)
(0x7fa23c3b2aa0: 7687.09)
(0x7fa23c0ef9b0: 8207.38)
[Empty]
[Empty]
[Empty]
[Empty]
[Empty]
Subdivision Tree:
Base Mesh [-1]: (Area: 21396.5, Volume: 45308.7)
    Sub Mesh [-1]: (Area: 18108, Volume: 23957)
        Sub Mesh [-1]: (Area: 10770.2, Volume: 16769.7)
            Sub Mesh [-1]: (Area: 9207.61, Volume: 8328.75)
            Sub Mesh [-1]: (Area: 9459.12, Volume: 8440.94)
        Sub Mesh [-1]: (Area: 8001.53, Volume: 7187.3)
    Sub Mesh [-1]: (Area: 13094.8, Volume: 21351.7)
        Sub Mesh [-1]: (Area: 9879.43, Volume: 13664.6)
            Sub Mesh [-1]: (Area: 5020.4, Volume: 5457.21)
            Sub Mesh [-1]: (Area: 5817.7, Volume: 8207.38)
        Sub Mesh [-1]: (Area: 4134.91, Volume: 7687.09)
Subdividing result...
Node 1: Mesh below minimum constraint.
Node 1: Mesh below minimum constraint.
Node 1: Mesh below minimum constraint.
Node 1: Mesh below minimum constraint.
Node 2: Mesh below minimum constraint.
Node 1: Mesh below minimum constraint.
Node 2: Mesh below minimum constraint.
Node 2: Mesh below minimum constraint.
Node 1: Mesh below minimum constraint.
Node 1: Mesh below minimum constraint.
Node 2: Mesh below minimum constraint.
Node 2: Mesh below minimum constraint.
Assigning IDs...
Subdivision Tree:
Base Mesh [15]: (Area: 21396.5, Volume: 45308.7)
    Sub Mesh [13]: (Area: 18108, Volume: 23957)
        Sub Mesh [11]: (Area: 10770.2, Volume: 16769.7)
            Sub Mesh [10]: (Area: 9207.61, Volume: 8328.75)
                Sub Mesh [1]: (Area: 6057.5, Volume: 3701.84)
                Sub Mesh [7]: (Area: 3555.06, Volume: 4626.9)
            Sub Mesh [4]: (Area: 9459.12, Volume: 8440.94)
        Sub Mesh [3]: (Area: 8001.53, Volume: 7187.3)
    Sub Mesh [12]: (Area: 13094.8, Volume: 21351.7)
        Sub Mesh [9]: (Area: 9879.43, Volume: 13664.6)
            Sub Mesh [2]: (Area: 5020.4, Volume: 5457.21)
            Sub Mesh [14]: (Area: 5817.7, Volume: 8207.38)
                Sub Mesh [6]: (Area: 1810.54, Volume: 2746.74)
                Sub Mesh [8]: (Area: 4682.29, Volume: 5460.64)
        Sub Mesh [5]: (Area: 4134.91, Volume: 7687.09)
Exporting nodes as mesh files, plus assembly instructions.
Computational Duration: 20994.4 ms.
Validating mesh...
Mesh is valid.

Decomposing Mesh...
-----------------------
Creating options tree from mesh...
Finding best decomposition configuration...
Exploration Results:
Printer Array States Found: 4122
Best (8249.39):
(0x7ff494021690: 6355.61)
(0x7ff4940563e0: 2755.6)
(0x7ff494027420: 6688.96)
(0x7ff494055910: 7338.05)
(0x7ff49419a860: 5938.55)
(0x7ff494054d60: 8249.39)
(0x7ff494044a10: 7982.51)
[Empty]
[Empty]
[Empty]
[Empty]
[Empty]
[Empty]
[Empty]
[Empty]
Subdivision Tree:
Base Mesh [-1]: (Area: 21396.5, Volume: 45308.7)
    Sub Mesh [-1]: (Area: 10540, Volume: 20382.6)
        Sub Mesh [-1]: (Area: 3617.34, Volume: 6355.61)
        Sub Mesh [-1]: (Area: 9561.78, Volume: 14027)
            Sub Mesh [-1]: (Area: 4406.54, Volume: 6688.96)
            Sub Mesh [-1]: (Area: 6257.92, Volume: 7338.05)
    Sub Mesh [-1]: (Area: 12269.6, Volume: 24926)
        Sub Mesh [-1]: (Area: 6533.91, Volume: 11005)
            Sub Mesh [-1]: (Area: 2455.99, Volume: 2755.6)
            Sub Mesh [-1]: (Area: 5340.38, Volume: 8249.39)
        Sub Mesh [-1]: (Area: 7051.97, Volume: 13921.1)
            Sub Mesh [-1]: (Area: 3055.2, Volume: 5938.55)
            Sub Mesh [-1]: (Area: 4789.69, Volume: 7982.51)
Subdividing result...
Node 2: Mesh below minimum constraint.
Node 1: Mesh below minimum constraint.
Node 1: Mesh below minimum constraint.
Node 2: Mesh below minimum constraint.
Node 1: Mesh below minimum constraint.
Node 1: Mesh below minimum constraint.
Node 1: Mesh below minimum constraint.
Node 1: Mesh below minimum constraint.
Node 2: Mesh below minimum constraint.
Node 1: Mesh below minimum constraint.
Node 1: Mesh below minimum constraint.
Node 1: Mesh below minimum constraint.
Node 1: Mesh below minimum constraint.
Node 2: Mesh below minimum constraint.
Node 1: Mesh below minimum constraint.
Node 1: Mesh below minimum constraint.
Node 2: Mesh below minimum constraint.
Node 1: Mesh below minimum constraint.
Node 1: Mesh below minimum constraint.
Node 1: Mesh below minimum constraint.
Assigning IDs...
Subdivision Tree:
Base Mesh [17]: (Area: 21396.5, Volume: 45308.7)
    Sub Mesh [15]: (Area: 10540, Volume: 20382.6)
        Sub Mesh [10]: (Area: 3617.34, Volume: 6355.61)
            Sub Mesh [1]: (Area: 2190.08, Volume: 4162.11)
            Sub Mesh [8]: (Area: 2033.39, Volume: 2193.5)
        Sub Mesh [12]: (Area: 9561.78, Volume: 14027)
            Sub Mesh [3]: (Area: 4406.54, Volume: 6688.96)
            Sub Mesh [13]: (Area: 6257.92, Volume: 7338.05)
                Sub Mesh [4]: (Area: 4789.48, Volume: 5071.5)
                Sub Mesh [9]: (Area: 2234.82, Volume: 2266.55)
    Sub Mesh [16]: (Area: 12269.6, Volume: 24926)
        Sub Mesh [11]: (Area: 6533.91, Volume: 11005)
            Sub Mesh [2]: (Area: 2455.99, Volume: 2755.6)
            Sub Mesh [6]: (Area: 5340.38, Volume: 8249.39)
        Sub Mesh [14]: (Area: 7051.97, Volume: 13921.1)
            Sub Mesh [5]: (Area: 3055.2, Volume: 5938.55)
            Sub Mesh [7]: (Area: 4789.69, Volume: 7982.51)
Exporting nodes as mesh files, plus assembly instructions.
Computational Duration: 15180.1 ms.
