Validating mesh...
Mesh is valid.

Decomposing Mesh...
-----------------------
Creating options tree from mesh...
Finding best decomposition configuration...
Exploration Results:
Printer Array States Found: 5
Best (62500):
(0x7f75640018f0: 62500)
(0x7f7564001a30: 62500)
Subdivision Tree:
Base Mesh [-1]: (Area: 15000, Volume: 125000)
    Sub Mesh [-1]: (Area: 10116.9, Volume: 62500)
    Sub Mesh [-1]: (Area: 10116.9, Volume: 62500)
Subdividing result...
Assigning IDs...
Subdivision Tree:
Base Mesh [3]: (Area: 15000, Volume: 125000)
    Sub Mesh [1]: (Area: 10116.9, Volume: 62500)
    Sub Mesh [2]: (Area: 10116.9, Volume: 62500)
Exporting nodes as mesh files, plus assembly instructions.
Computational Duration: 81.997 ms.
Validating mesh...
Mesh is valid.

Decomposing Mesh...
-----------------------
Creating options tree from mesh...
Finding best decomposition configuration...
Exploration Results:
Printer Array States Found: 29
Best (62500):
(0x7f18480018f0: 62500)
(0x7f184800bec0: 30683.8)
(0x7f184801ded0: 31816.2)
Subdivision Tree:
Base Mesh [-1]: (Area: 15000, Volume: 125000)
    Sub Mesh [-1]: (Area: 10142, Volume: 62500)
    Sub Mesh [-1]: (Area: 10142, Volume: 62500)
        Sub Mesh [-1]: (Area: 6262.95, Volume: 30683.8)
        Sub Mesh [-1]: (Area: 6402.9, Volume: 31816.2)
Subdividing result...
Assigning IDs...
Subdivision Tree:
Base Mesh [4]: (Area: 15000, Volume: 125000)
    Sub Mesh [1]: (Area: 10142, Volume: 62500)
    Sub Mesh [5]: (Area: 10142, Volume: 62500)
        Sub Mesh [2]: (Area: 6262.95, Volume: 30683.8)
        Sub Mesh [3]: (Area: 6402.9, Volume: 31816.2)
Exporting nodes as mesh files, plus assembly instructions.
Computational Duration: 440.364 ms.
Validating mesh...
Mesh is valid.

Decomposing Mesh...
-----------------------
Creating options tree from mesh...
Finding best decomposition configuration...
Exploration Results:
Printer Array States Found: 100
Best (31365.1):
(0x556b249be880: 31211.5)
(0x556b249c8480: 31134.9)
(0x556b249bea70: 31288.5)
(0x556b249cc2c0: 31365.1)
Subdivision Tree:
Base Mesh [-1]: (Area: 15000, Volume: 125000)
    Sub Mesh [-1]: (Area: 10001.4, Volume: 62500)
        Sub Mesh [-1]: (Area: 6247.17, Volume: 31211.5)
        Sub Mesh [-1]: (Area: 6256.41, Volume: 31288.5)
    Sub Mesh [-1]: (Area: 10001.4, Volume: 62500)
        Sub Mesh [-1]: (Area: 6573.79, Volume: 31134.9)
        Sub Mesh [-1]: (Area: 6601.41, Volume: 31365.1)
Subdividing result...
Assigning IDs...
Subdivision Tree:
Base Mesh [7]: (Area: 15000, Volume: 125000)
    Sub Mesh [6]: (Area: 10001.4, Volume: 62500)
        Sub Mesh [1]: (Area: 6247.17, Volume: 31211.5)
        Sub Mesh [3]: (Area: 6256.41, Volume: 31288.5)
    Sub Mesh [5]: (Area: 10001.4, Volume: 62500)
        Sub Mesh [2]: (Area: 6573.79, Volume: 31134.9)
        Sub Mesh [4]: (Area: 6601.41, Volume: 31365.1)
Exporting nodes as mesh files, plus assembly instructions.
Computational Duration: 518.606 ms.
Validating mesh...
Mesh is valid.

Decomposing Mesh...
-----------------------
Creating options tree from mesh...
Finding best decomposition configuration...
Exploration Results:
Printer Array States Found: 3462
Best (23787.3):
(0x7f64100125f0: 23787.3)
(0x7f6410084910: 21970)
(0x7f6410007fb0: 16331.6)
(0x7f6410012390: 22381.1)
(0x7f6410070b30: 17191.7)
(0x7f641006d2d0: 23338.3)
[Empty]
[Empty]
Subdivision Tree:
Base Mesh [-1]: (Area: 15000, Volume: 125000)
    Sub Mesh [-1]: (Area: 10921.3, Volume: 62500)
        Sub Mesh [-1]: (Area: 8519.62, Volume: 46168.4)
            Sub Mesh [-1]: (Area: 5353.3, Volume: 23787.3)
            Sub Mesh [-1]: (Area: 5635.74, Volume: 22381.1)
        Sub Mesh [-1]: (Area: 4955.1, Volume: 16331.6)
    Sub Mesh [-1]: (Area: 10921.3, Volume: 62500)
        Sub Mesh [-1]: (Area: 8413.2, Volume: 45308.3)
            Sub Mesh [-1]: (Area: 5645.74, Volume: 21970)
            Sub Mesh [-1]: (Area: 5356.58, Volume: 23338.3)
        Sub Mesh [-1]: (Area: 5047.34, Volume: 17191.7)
Subdividing result...
Node 1: Mesh below minimum constraint.
Node 1: Mesh below minimum constraint.
Node 1: Mesh below minimum constraint.
Node 1: Mesh below minimum constraint.
Assigning IDs...
Subdivision Tree:
Base Mesh [15]: (Area: 15000, Volume: 125000)
    Sub Mesh [11]: (Area: 10921.3, Volume: 62500)
        Sub Mesh [12]: (Area: 8519.62, Volume: 46168.4)
            Sub Mesh [13]: (Area: 5353.3, Volume: 23787.3)
                Sub Mesh [1]: (Area: 3256.02, Volume: 12561.5)
                Sub Mesh [8]: (Area: 3065.48, Volume: 11225.8)
            Sub Mesh [4]: (Area: 5635.74, Volume: 22381.1)
        Sub Mesh [3]: (Area: 4955.1, Volume: 16331.6)
    Sub Mesh [9]: (Area: 10921.3, Volume: 62500)
        Sub Mesh [10]: (Area: 8413.2, Volume: 45308.3)
            Sub Mesh [2]: (Area: 5645.74, Volume: 21970)
            Sub Mesh [14]: (Area: 5356.58, Volume: 23338.3)
                Sub Mesh [6]: (Area: 3156.88, Volume: 11422.1)
                Sub Mesh [7]: (Area: 3156.47, Volume: 11916.2)
        Sub Mesh [5]: (Area: 5047.34, Volume: 17191.7)
Exporting nodes as mesh files, plus assembly instructions.
Computational Duration: 777.976 ms.
Validating mesh...
Mesh is valid.

Decomposing Mesh...
-----------------------
Creating options tree from mesh...
Finding best decomposition configuration...
Exploration Results:
Printer Array States Found: 8086
Best (23289):
(0x7f1b94007fb0: 16175.5)
(0x7f1b940a77a0: 18606.7)
(0x7f1b94033c40: 23035.5)
(0x7f1b940289b0: 23289)
(0x7f1b940b78b0: 10437.8)
(0x7f1b940a78e0: 17763.9)
(0x7f1b940b8e90: 15691.6)
[Empty]
[Empty]
[Empty]
[Empty]
Subdivision Tree:
Base Mesh [-1]: (Area: 15000, Volume: 125000)
    Sub Mesh [-1]: (Area: 10817, Volume: 62500)
        Sub Mesh [-1]: (Area: 4837.74, Volume: 16175.5)
        Sub Mesh [-1]: (Area: 8469.73, Volume: 46324.5)
            Sub Mesh [-1]: (Area: 5728.91, Volume: 23035.5)
            Sub Mesh [-1]: (Area: 5363.04, Volume: 23289)
    Sub Mesh [-1]: (Area: 10817, Volume: 62500)
        Sub Mesh [-1]: (Area: 7325.71, Volume: 36370.6)
            Sub Mesh [-1]: (Area: 4721.08, Volume: 18606.7)
            Sub Mesh [-1]: (Area: 4578.79, Volume: 17763.9)
        Sub Mesh [-1]: (Area: 6007.62, Volume: 26129.4)
            Sub Mesh [-1]: (Area: 3142.15, Volume: 10437.8)
            Sub Mesh [-1]: (Area: 4049.85, Volume: 15691.6)
Subdividing result...
Node 1: Mesh below minimum constraint.
Node 1: Mesh below minimum constraint.
Node 2: Mesh below minimum constraint.
Node 1: Mesh below minimum constraint.
Node 1: Mesh below minimum constraint.
Node 1: Mesh below minimum constraint.
Assigning IDs...
Subdivision Tree:
Base Mesh [21]: (Area: 15000, Volume: 125000)
    Sub Mesh [19]: (Area: 10817, Volume: 62500)
        Sub Mesh [15]: (Area: 4837.74, Volume: 16175.5)
            Sub Mesh [1]: (Area: 2836.25, Volume: 8279.21)
            Sub Mesh [8]: (Area: 2662.64, Volume: 7896.32)
        Sub Mesh [20]: (Area: 8469.73, Volume: 46324.5)
            Sub Mesh [12]: (Area: 5728.91, Volume: 23035.5)
                Sub Mesh [3]: (Area: 3605.7, Volume: 12758.5)
                Sub Mesh [11]: (Area: 3066.1, Volume: 10277)
            Sub Mesh [16]: (Area: 5363.04, Volume: 23289)
                Sub Mesh [4]: (Area: 3133.08, Volume: 11610.7)
                Sub Mesh [9]: (Area: 3177.22, Volume: 11678.3)
    Sub Mesh [18]: (Area: 10817, Volume: 62500)
        Sub Mesh [13]: (Area: 7325.71, Volume: 36370.6)
            Sub Mesh [14]: (Area: 4721.08, Volume: 18606.7)
                Sub Mesh [2]: (Area: 3243.5, Volume: 10433.4)
                Sub Mesh [10]: (Area: 2821.33, Volume: 8173.35)
            Sub Mesh [6]: (Area: 4578.79, Volume: 17763.9)
        Sub Mesh [17]: (Area: 6007.62, Volume: 26129.4)
            Sub Mesh [5]: (Area: 3142.15, Volume: 10437.8)
            Sub Mesh [7]: (Area: 4049.85, Volume: 15691.6)
Exporting nodes as mesh files, plus assembly instructions.
Computational Duration: 869.558 ms.
Validating mesh...
Mesh is valid.

Decomposing Mesh...
-----------------------
Creating options tree from mesh...
Finding best decomposition configuration...
Exploration Results:
Printer Array States Found: 14968
Best (24629.7):
(0x7f8c8c0072f0: 24629.7)
(0x7f8c8c08efc0: 24121.4)
(0x7f8c8c01caf0: 18123.2)
(0x7f8c8c018b30: 19747.1)
(0x7f8c8c09bed0: 20157)
(0x7f8c8c092d60: 8693.77)
(0x7f8c8c09fb70: 9527.84)
[Empty]
[Empty]
[Empty]
[Empty]
[Empty]
[Empty]
[Empty]
[Empty]
Subdivision Tree:
Base Mesh [-1]: (Area: 15000, Volume: 125000)
    Sub Mesh [-1]: (Area: 10185.1, Volume: 62500)
        Sub Mesh [-1]: (Area: 5553.58, Volume: 24629.7)
        Sub Mesh [-1]: (Area: 7141.31, Volume: 37870.3)
            Sub Mesh [-1]: (Area: 4210.83, Volume: 18123.2)
            Sub Mesh [-1]: (Area: 4452.97, Volume: 19747.1)
    Sub Mesh [-1]: (Area: 10185.1, Volume: 62500)
        Sub Mesh [-1]: (Area: 6535.26, Volume: 32815.2)
            Sub Mesh [-1]: (Area: 5413.9, Volume: 24121.4)
            Sub Mesh [-1]: (Area: 3070.58, Volume: 8693.77)
        Sub Mesh [-1]: (Area: 6150.48, Volume: 29684.8)
            Sub Mesh [-1]: (Area: 4894.9, Volume: 20157)
            Sub Mesh [-1]: (Area: 3662.02, Volume: 9527.84)
Subdividing result...
Node 1: Mesh below minimum constraint.
Node 2: Mesh below minimum constraint.
Node 1: Mesh below minimum constraint.
Node 1: Mesh below minimum constraint.
Node 1: Mesh below minimum constraint.
Node 1: Mesh below minimum constraint.
Node 1: Mesh below minimum constraint.
Node 2: Mesh below minimum constraint.
Node 1: Mesh below minimum constraint.
Node 2: Mesh below minimum constraint.
Node 1: Mesh below minimum constraint.
Node 1: Mesh below minimum constraint.
Node 1: Mesh below minimum constraint.
Node 1: Mesh below minimum constraint.
Node 1: Mesh below minimum constraint.
Node 1: Mesh below minimum constraint.
Node 1: Mesh below minimum constraint.
Node 1: Mesh below minimum constraint.
Node 1: Mesh below minimum constraint.
Node 1: Mesh below minimum constraint.
Node 2: Mesh below minimum constraint.
Node 1: Mesh below minimum constraint.
Node 2: Mesh below minimum constraint.
Node 1: Mesh below minimum constraint.
Node 1: Mesh below minimum constraint.
Node 1: Mesh below minimum constraint.
Node 2: Mesh below minimum constraint.
Node 1: Mesh below minimum constraint.
Node 2: Mesh below minimum constraint.
Node 2: Mesh below minimum constraint.
Node 1: Mesh below minimum constraint.
Node 1: Mesh below minimum constraint.
Node 1: Mesh below minimum constraint.
Node 1: Mesh below minimum constraint.
Node 1: Mesh below minimum constraint.
Node 2: Mesh below minimum constraint.
Node 1: Mesh below minimum constraint.
Node 2: Mesh below minimum constraint.
Node 1: Mesh below minimum constraint.
Node 2: Mesh below minimum constraint.
Node 1: Mesh below minimum constraint.
Node 2: Mesh below minimum constraint.
Node 2: Mesh below minimum constraint.
Node 2: Mesh below minimum constraint.
Node 1: Mesh below minimum constraint.
Node 1: Mesh below minimum constraint.
Node 2: Mesh below minimum constraint.
Assigning IDs...
Subdivision Tree:
Base Mesh [25]: (Area: 15000, Volume: 125000)
    Sub Mesh [22]: (Area: 10185.1, Volume: 62500)
        Sub Mesh [17]: (Area: 5553.58, Volume: 24629.7)
            Sub Mesh [1]: (Area: 3096.38, Volume: 11394.6)
            Sub Mesh [19]: (Area: 3444.81, Volume: 13235.1)
                Sub Mesh [10]: (Area: 2689.17, Volume: 7268.61)
                Sub Mesh [13]: (Area: 2418.83, Volume: 5966.49)
        Sub Mesh [24]: (Area: 7141.31, Volume: 37870.3)
            Sub Mesh [15]: (Area: 4210.83, Volume: 18123.2)
                Sub Mesh [3]: (Area: 3046.74, Volume: 11266.9)
                Sub Mesh [8]: (Area: 2370.02, Volume: 6856.3)
            Sub Mesh [18]: (Area: 4452.97, Volume: 19747.1)
                Sub Mesh [4]: (Area: 3054.36, Volume: 10093.4)
                Sub Mesh [12]: (Area: 2941.63, Volume: 9653.69)
    Sub Mesh [23]: (Area: 10185.1, Volume: 62500)
        Sub Mesh [14]: (Area: 6535.26, Volume: 32815.2)
            Sub Mesh [16]: (Area: 5413.9, Volume: 24121.4)
                Sub Mesh [2]: (Area: 4180.94, Volume: 14164.8)
                Sub Mesh [9]: (Area: 3439.74, Volume: 9956.59)
            Sub Mesh [6]: (Area: 3070.58, Volume: 8693.77)
        Sub Mesh [21]: (Area: 6150.48, Volume: 29684.8)
            Sub Mesh [20]: (Area: 4894.9, Volume: 20157)
                Sub Mesh [5]: (Area: 2706.62, Volume: 9158.03)
                Sub Mesh [11]: (Area: 2998.27, Volume: 10998.9)
            Sub Mesh [7]: (Area: 3662.02, Volume: 9527.84)
Exporting nodes as mesh files, plus assembly instructions.
Computational Duration: 1466.69 ms.
